2021-04-20 15:33:10.727431: W tensorflow/stream_executor/platform/default/dso_loader.cc:60] Could not load dynamic library 'libcudart.so.11.0'; dlerror: libcudart.so.11.0: cannot open shared object file: No such file or directory
2021-04-20 15:33:10.727481: I tensorflow/stream_executor/cuda/cudart_stub.cc:29] Ignore above cudart dlerror if you do not have a GPU set up on your machine.
2021-04-20 15:35:16.733156: I tensorflow/compiler/jit/xla_cpu_device.cc:41] Not creating XLA devices, tf_xla_enable_xla_devices not set
2021-04-20 15:35:16.735068: W tensorflow/stream_executor/platform/default/dso_loader.cc:60] Could not load dynamic library 'libcuda.so.1'; dlerror: libcuda.so.1: cannot open shared object file: No such file or directory
2021-04-20 15:35:16.735092: W tensorflow/stream_executor/cuda/cuda_driver.cc:326] failed call to cuInit: UNKNOWN ERROR (303)
2021-04-20 15:35:16.735133: I tensorflow/stream_executor/cuda/cuda_diagnostics.cc:156] kernel driver does not appear to be running on this host (k-student1): /proc/driver/nvidia/version does not exist
2021-04-20 15:35:16.735546: I tensorflow/core/platform/cpu_feature_guard.cc:142] This TensorFlow binary is optimized with oneAPI Deep Neural Network Library (oneDNN) to use the following CPU instructions in performance-critical operations:  AVX2 AVX512F FMA
To enable them in other operations, rebuild TensorFlow with the appropriate compiler flags.
2021-04-20 15:35:16.739152: I tensorflow/compiler/jit/xla_gpu_device.cc:99] Not creating XLA devices, tf_xla_enable_xla_devices not set
2021-04-20 15:35:16.767190: W tensorflow/core/framework/cpu_allocator_impl.cc:80] Allocation of 2293056000 exceeds 10% of free system memory.
2021-04-20 15:35:17.838789: W tensorflow/core/framework/cpu_allocator_impl.cc:80] Allocation of 637286400 exceeds 10% of free system memory.
[2021-04-20 15:35:18] INFO (nni.algorithms.nas.tensorflow.enas.trainer/MainThread) Epoch 1 Training
2021-04-20 15:35:18.611440: W tensorflow/core/framework/cpu_allocator_impl.cc:80] Allocation of 2293056000 exceeds 10% of free system memory.
2021-04-20 15:35:39.970928: I tensorflow/core/kernels/data/shuffle_dataset_op.cc:177] Filling up shuffle buffer (this may take a while): 11289 of 1000000
2021-04-20 15:35:50.223451: I tensorflow/core/kernels/data/shuffle_dataset_op.cc:177] Filling up shuffle buffer (this may take a while): 15268 of 1000000
2021-04-20 15:36:01.216106: I tensorflow/core/kernels/data/shuffle_dataset_op.cc:177] Filling up shuffle buffer (this may take a while): 16729 of 1000000
2021-04-20 15:36:10.103684: I tensorflow/core/kernels/data/shuffle_dataset_op.cc:177] Filling up shuffle buffer (this may take a while): 19185 of 1000000
2021-04-20 15:36:14.484850: I tensorflow/core/kernels/data/shuffle_dataset_op.cc:230] Shuffle buffer filled.
[2021-04-20 15:37:13] INFO (nni.algorithms.nas.tensorflow.enas.trainer/MainThread) Model Epoch [1/100] Step [100/500]  accuracy 0.421875 (0.263437)  loss 1.717032 (2.067699)
[2021-04-20 15:39:00] INFO (nni.algorithms.nas.tensorflow.enas.trainer/MainThread) Model Epoch [1/100] Step [200/500]  accuracy 0.546875 (0.356172)  loss 1.387993 (1.806583)
[2021-04-20 15:40:29] INFO (nni.algorithms.nas.tensorflow.enas.trainer/MainThread) Model Epoch [1/100] Step [300/500]  accuracy 0.500000 (0.406198)  loss 1.361180 (1.657472)
[2021-04-20 15:42:28] INFO (nni.algorithms.nas.tensorflow.enas.trainer/MainThread) Model Epoch [1/100] Step [400/500]  accuracy 0.531250 (0.441953)  loss 1.196245 (1.552739)
[2021-04-20 15:44:10] INFO (nni.algorithms.nas.tensorflow.enas.trainer/MainThread) Model Epoch [1/100] Step [500/500]  accuracy 0.562500 (0.469844)  loss 1.210499 (1.473152)
