2021-03-28 02:13:39.230121: W tensorflow/stream_executor/platform/default/dso_loader.cc:60] Could not load dynamic library 'libcudart.so.11.0'; dlerror: libcudart.so.11.0: cannot open shared object file: No such file or directory
2021-03-28 02:13:39.230166: I tensorflow/stream_executor/cuda/cudart_stub.cc:29] Ignore above cudart dlerror if you do not have a GPU set up on your machine.
2021-03-28 02:13:48.366856: I tensorflow/compiler/jit/xla_cpu_device.cc:41] Not creating XLA devices, tf_xla_enable_xla_devices not set
2021-03-28 02:13:48.367827: W tensorflow/stream_executor/platform/default/dso_loader.cc:60] Could not load dynamic library 'libcuda.so.1'; dlerror: libcuda.so.1: cannot open shared object file: No such file or directory
2021-03-28 02:13:48.367857: W tensorflow/stream_executor/cuda/cuda_driver.cc:326] failed call to cuInit: UNKNOWN ERROR (303)
2021-03-28 02:13:48.367888: I tensorflow/stream_executor/cuda/cuda_diagnostics.cc:156] kernel driver does not appear to be running on this host (k-student1): /proc/driver/nvidia/version does not exist
2021-03-28 02:13:48.368370: I tensorflow/core/platform/cpu_feature_guard.cc:142] This TensorFlow binary is optimized with oneAPI Deep Neural Network Library (oneDNN) to use the following CPU instructions in performance-critical operations:  AVX2 AVX512F FMA
To enable them in other operations, rebuild TensorFlow with the appropriate compiler flags.
2021-03-28 02:13:48.369565: I tensorflow/compiler/jit/xla_gpu_device.cc:99] Not creating XLA devices, tf_xla_enable_xla_devices not set
2021-03-28 02:13:48.371836: W tensorflow/core/framework/cpu_allocator_impl.cc:80] Allocation of 373593600 exceeds 10% of free system memory.
[2021-03-28 02:13:48] WARNING (nni.algorithms.nas.tensorflow.classic_nas.mutator/MainThread) This is in standalone mode, the chosen are the first one(s).
2021-03-28 02:13:48.712625: W tensorflow/core/framework/cpu_allocator_impl.cc:80] Allocation of 373593600 exceeds 10% of free system memory.
Epoch 000: Loss: 0.875, Accuracy: 67.715%
2021-03-28 02:13:50.994169: W tensorflow/core/framework/cpu_allocator_impl.cc:80] Allocation of 373593600 exceeds 10% of free system memory.
Epoch 001: Loss: 0.614, Accuracy: 79.001%
2021-03-28 02:13:53.162448: W tensorflow/core/framework/cpu_allocator_impl.cc:80] Allocation of 373593600 exceeds 10% of free system memory.
Epoch 002: Loss: 0.488, Accuracy: 85.199%
2021-03-28 02:13:55.292644: W tensorflow/core/framework/cpu_allocator_impl.cc:80] Allocation of 373593600 exceeds 10% of free system memory.
Epoch 003: Loss: 0.414, Accuracy: 88.067%
Epoch 004: Loss: 0.363, Accuracy: 90.749%
Epoch 005: Loss: 0.322, Accuracy: 92.137%
Epoch 006: Loss: 0.288, Accuracy: 93.895%
Epoch 007: Loss: 0.259, Accuracy: 94.727%
Epoch 008: Loss: 0.232, Accuracy: 95.652%
Epoch 009: Loss: 0.209, Accuracy: 96.022%
Epoch 010: Loss: 0.189, Accuracy: 97.040%
Epoch 011: Loss: 0.171, Accuracy: 97.595%
Epoch 012: Loss: 0.155, Accuracy: 98.150%
Epoch 013: Loss: 0.140, Accuracy: 98.335%
Epoch 014: Loss: 0.127, Accuracy: 98.982%
Epoch 015: Loss: 0.116, Accuracy: 99.260%
Epoch 016: Loss: 0.106, Accuracy: 99.352%
Epoch 017: Loss: 0.104, Accuracy: 98.890%
Epoch 018: Loss: 0.087, Accuracy: 99.167%
Epoch 019: Loss: 0.080, Accuracy: 99.537%
Epoch 020: Loss: 0.073, Accuracy: 99.352%
Epoch 021: Loss: 0.067, Accuracy: 99.630%
Epoch 022: Loss: 0.062, Accuracy: 99.722%
Epoch 023: Loss: 0.057, Accuracy: 99.815%
Epoch 024: Loss: 0.053, Accuracy: 99.907%
Epoch 025: Loss: 0.050, Accuracy: 99.907%
Epoch 026: Loss: 0.046, Accuracy: 99.907%
Epoch 027: Loss: 0.044, Accuracy: 99.907%
Epoch 028: Loss: 0.041, Accuracy: 99.907%
Epoch 029: Loss: 0.038, Accuracy: 99.907%
Epoch 030: Loss: 0.036, Accuracy: 99.907%
Epoch 031: Loss: 0.034, Accuracy: 99.907%
Epoch 032: Loss: 0.032, Accuracy: 99.907%
Epoch 033: Loss: 0.030, Accuracy: 99.907%
Epoch 034: Loss: 0.036, Accuracy: 99.630%
Epoch 035: Loss: 0.043, Accuracy: 99.075%
Epoch 036: Loss: 0.030, Accuracy: 99.445%
Epoch 037: Loss: 0.026, Accuracy: 99.630%
Epoch 038: Loss: 0.024, Accuracy: 99.815%
Epoch 039: Loss: 0.023, Accuracy: 99.815%
Epoch 040: Loss: 0.022, Accuracy: 99.815%
Epoch 041: Loss: 0.021, Accuracy: 99.907%
Epoch 042: Loss: 0.021, Accuracy: 99.722%
Epoch 043: Loss: 0.020, Accuracy: 99.722%
Epoch 044: Loss: 0.019, Accuracy: 99.815%
Epoch 045: Loss: 0.018, Accuracy: 99.815%
Epoch 046: Loss: 0.018, Accuracy: 99.722%
Epoch 047: Loss: 0.017, Accuracy: 99.815%
Epoch 048: Loss: 0.016, Accuracy: 99.815%
Epoch 049: Loss: 0.016, Accuracy: 99.722%
Epoch 050: Loss: 0.016, Accuracy: 99.722%
Epoch 051: Loss: 0.058, Accuracy: 98.150%
Epoch 052: Loss: 0.021, Accuracy: 99.815%
Epoch 053: Loss: 0.017, Accuracy: 99.907%
Epoch 054: Loss: 0.015, Accuracy: 99.907%
Epoch 055: Loss: 0.014, Accuracy: 99.815%
Epoch 056: Loss: 0.013, Accuracy: 99.815%
Epoch 057: Loss: 0.013, Accuracy: 99.815%
Epoch 058: Loss: 0.012, Accuracy: 99.907%
Epoch 059: Loss: 0.012, Accuracy: 99.815%
Epoch 060: Loss: 0.011, Accuracy: 99.907%
Epoch 061: Loss: 0.011, Accuracy: 99.907%
Epoch 062: Loss: 0.011, Accuracy: 100.000%
Epoch 063: Loss: 0.010, Accuracy: 100.000%
Epoch 064: Loss: 0.010, Accuracy: 99.907%
Epoch 065: Loss: 0.010, Accuracy: 100.000%
Epoch 066: Loss: 0.009, Accuracy: 100.000%
Epoch 067: Loss: 0.009, Accuracy: 100.000%
Epoch 068: Loss: 0.009, Accuracy: 100.000%
Epoch 069: Loss: 0.009, Accuracy: 100.000%
Epoch 070: Loss: 0.008, Accuracy: 100.000%
Epoch 071: Loss: 0.008, Accuracy: 100.000%
Epoch 072: Loss: 0.008, Accuracy: 100.000%
Epoch 073: Loss: 0.008, Accuracy: 100.000%
Epoch 074: Loss: 0.007, Accuracy: 100.000%
Epoch 075: Loss: 0.007, Accuracy: 100.000%
Epoch 076: Loss: 0.007, Accuracy: 100.000%
Epoch 077: Loss: 0.007, Accuracy: 100.000%
Epoch 078: Loss: 0.007, Accuracy: 100.000%
Epoch 079: Loss: 0.007, Accuracy: 100.000%
Epoch 080: Loss: 0.006, Accuracy: 100.000%
Epoch 081: Loss: 0.006, Accuracy: 100.000%
Epoch 082: Loss: 0.006, Accuracy: 100.000%
Epoch 083: Loss: 0.006, Accuracy: 100.000%
Epoch 084: Loss: 0.006, Accuracy: 100.000%
Epoch 085: Loss: 0.006, Accuracy: 100.000%
Epoch 086: Loss: 0.006, Accuracy: 100.000%
Epoch 087: Loss: 0.006, Accuracy: 100.000%
Epoch 088: Loss: 0.005, Accuracy: 100.000%
Epoch 089: Loss: 0.005, Accuracy: 100.000%
Epoch 090: Loss: 0.005, Accuracy: 100.000%
Epoch 091: Loss: 0.005, Accuracy: 100.000%
Epoch 092: Loss: 0.005, Accuracy: 100.000%
Epoch 093: Loss: 0.005, Accuracy: 100.000%
Epoch 094: Loss: 0.005, Accuracy: 100.000%
Epoch 095: Loss: 0.005, Accuracy: 100.000%
Epoch 096: Loss: 0.005, Accuracy: 100.000%
Epoch 097: Loss: 0.005, Accuracy: 100.000%
Epoch 098: Loss: 0.004, Accuracy: 100.000%
Epoch 099: Loss: 0.004, Accuracy: 100.000%
Epoch 100: Loss: 0.004, Accuracy: 100.000%
Epoch 101: Loss: 0.004, Accuracy: 100.000%
Epoch 102: Loss: 0.004, Accuracy: 100.000%
Epoch 103: Loss: 0.004, Accuracy: 100.000%
Epoch 104: Loss: 0.004, Accuracy: 100.000%
Epoch 105: Loss: 0.004, Accuracy: 100.000%
Epoch 106: Loss: 0.004, Accuracy: 100.000%
Epoch 107: Loss: 0.004, Accuracy: 100.000%
Epoch 108: Loss: 0.004, Accuracy: 100.000%
Epoch 109: Loss: 0.004, Accuracy: 100.000%
Epoch 110: Loss: 0.004, Accuracy: 100.000%
Epoch 111: Loss: 0.004, Accuracy: 100.000%
Epoch 112: Loss: 0.003, Accuracy: 100.000%
Epoch 113: Loss: 0.003, Accuracy: 100.000%
Epoch 114: Loss: 0.003, Accuracy: 100.000%
Epoch 115: Loss: 0.003, Accuracy: 100.000%
Epoch 116: Loss: 0.003, Accuracy: 100.000%
Epoch 117: Loss: 0.003, Accuracy: 100.000%
Epoch 118: Loss: 0.003, Accuracy: 100.000%
Epoch 119: Loss: 0.003, Accuracy: 100.000%
Epoch 120: Loss: 0.003, Accuracy: 100.000%
Epoch 121: Loss: 0.003, Accuracy: 100.000%
Epoch 122: Loss: 0.003, Accuracy: 100.000%
Epoch 123: Loss: 0.003, Accuracy: 100.000%
Epoch 124: Loss: 0.003, Accuracy: 100.000%
Epoch 125: Loss: 0.003, Accuracy: 100.000%
Epoch 126: Loss: 0.003, Accuracy: 100.000%
Epoch 127: Loss: 0.003, Accuracy: 100.000%
Epoch 128: Loss: 0.003, Accuracy: 100.000%
Epoch 129: Loss: 0.003, Accuracy: 100.000%
Epoch 130: Loss: 0.003, Accuracy: 100.000%
Epoch 131: Loss: 0.003, Accuracy: 100.000%
Epoch 132: Loss: 0.003, Accuracy: 100.000%
Epoch 133: Loss: 0.003, Accuracy: 100.000%
Epoch 134: Loss: 0.003, Accuracy: 100.000%
Epoch 135: Loss: 0.003, Accuracy: 100.000%
Epoch 136: Loss: 0.003, Accuracy: 100.000%
Epoch 137: Loss: 0.002, Accuracy: 100.000%
Epoch 138: Loss: 0.002, Accuracy: 100.000%
Epoch 139: Loss: 0.002, Accuracy: 100.000%
Epoch 140: Loss: 0.002, Accuracy: 100.000%
Epoch 141: Loss: 0.002, Accuracy: 100.000%
Epoch 142: Loss: 0.002, Accuracy: 100.000%
Epoch 143: Loss: 0.002, Accuracy: 100.000%
Epoch 144: Loss: 0.002, Accuracy: 100.000%
Epoch 145: Loss: 0.002, Accuracy: 100.000%
Epoch 146: Loss: 0.002, Accuracy: 100.000%
Epoch 147: Loss: 0.002, Accuracy: 100.000%
Epoch 148: Loss: 0.002, Accuracy: 100.000%
Epoch 149: Loss: 0.002, Accuracy: 100.000%
Epoch 150: Loss: 0.002, Accuracy: 100.000%
Epoch 151: Loss: 0.002, Accuracy: 100.000%
Epoch 152: Loss: 0.002, Accuracy: 100.000%
Epoch 153: Loss: 0.002, Accuracy: 100.000%
Epoch 154: Loss: 0.002, Accuracy: 100.000%
Epoch 155: Loss: 0.002, Accuracy: 100.000%
Epoch 156: Loss: 0.002, Accuracy: 100.000%
Epoch 157: Loss: 0.002, Accuracy: 100.000%
Epoch 158: Loss: 0.002, Accuracy: 100.000%
Epoch 159: Loss: 0.002, Accuracy: 100.000%
Epoch 160: Loss: 0.002, Accuracy: 100.000%
Epoch 161: Loss: 0.002, Accuracy: 100.000%
Epoch 162: Loss: 0.002, Accuracy: 100.000%
Epoch 163: Loss: 0.002, Accuracy: 100.000%
Epoch 164: Loss: 0.002, Accuracy: 100.000%
Epoch 165: Loss: 0.002, Accuracy: 100.000%
Epoch 166: Loss: 0.002, Accuracy: 100.000%
Epoch 167: Loss: 0.002, Accuracy: 100.000%
Epoch 168: Loss: 0.002, Accuracy: 100.000%
Epoch 169: Loss: 0.002, Accuracy: 100.000%
Epoch 170: Loss: 0.002, Accuracy: 100.000%
Epoch 171: Loss: 0.002, Accuracy: 100.000%
Epoch 172: Loss: 0.002, Accuracy: 100.000%
Epoch 173: Loss: 0.002, Accuracy: 100.000%
Epoch 174: Loss: 0.002, Accuracy: 100.000%
Epoch 175: Loss: 0.002, Accuracy: 100.000%
Epoch 176: Loss: 0.002, Accuracy: 100.000%
Epoch 177: Loss: 0.002, Accuracy: 100.000%
Epoch 178: Loss: 0.002, Accuracy: 100.000%
Epoch 179: Loss: 0.002, Accuracy: 100.000%
Epoch 180: Loss: 0.002, Accuracy: 100.000%
Epoch 181: Loss: 0.002, Accuracy: 100.000%
Epoch 182: Loss: 0.002, Accuracy: 100.000%
Epoch 183: Loss: 0.002, Accuracy: 100.000%
Epoch 184: Loss: 0.002, Accuracy: 100.000%
Epoch 185: Loss: 0.002, Accuracy: 100.000%
Epoch 186: Loss: 0.001, Accuracy: 100.000%
Epoch 187: Loss: 0.001, Accuracy: 100.000%
Epoch 188: Loss: 0.001, Accuracy: 100.000%
Epoch 189: Loss: 0.001, Accuracy: 100.000%
Epoch 190: Loss: 0.001, Accuracy: 100.000%
Epoch 191: Loss: 0.001, Accuracy: 100.000%
Epoch 192: Loss: 0.001, Accuracy: 100.000%
Epoch 193: Loss: 0.001, Accuracy: 100.000%
Epoch 194: Loss: 0.001, Accuracy: 100.000%
Epoch 195: Loss: 0.001, Accuracy: 100.000%
Epoch 196: Loss: 0.001, Accuracy: 100.000%
Epoch 197: Loss: 0.001, Accuracy: 100.000%
Epoch 198: Loss: 0.001, Accuracy: 100.000%
Epoch 199: Loss: 0.001, Accuracy: 100.000%
Epoch 200: Loss: 0.001, Accuracy: 100.000%
Epoch 201: Loss: 0.001, Accuracy: 100.000%
Epoch 202: Loss: 0.001, Accuracy: 100.000%
Epoch 203: Loss: 0.001, Accuracy: 100.000%
Epoch 204: Loss: 0.001, Accuracy: 100.000%
Epoch 205: Loss: 0.001, Accuracy: 100.000%
Epoch 206: Loss: 0.001, Accuracy: 100.000%
Epoch 207: Loss: 0.001, Accuracy: 100.000%
Epoch 208: Loss: 0.001, Accuracy: 100.000%
Epoch 209: Loss: 0.001, Accuracy: 100.000%
Epoch 210: Loss: 0.001, Accuracy: 100.000%
Epoch 211: Loss: 0.001, Accuracy: 100.000%
Epoch 212: Loss: 0.001, Accuracy: 100.000%
Epoch 213: Loss: 0.001, Accuracy: 100.000%
Epoch 214: Loss: 0.001, Accuracy: 100.000%
Epoch 215: Loss: 0.001, Accuracy: 100.000%
Epoch 216: Loss: 0.001, Accuracy: 100.000%
Epoch 217: Loss: 0.001, Accuracy: 100.000%
Epoch 218: Loss: 0.001, Accuracy: 100.000%
Epoch 219: Loss: 0.001, Accuracy: 100.000%
Epoch 220: Loss: 0.001, Accuracy: 100.000%
Epoch 221: Loss: 0.001, Accuracy: 100.000%
Epoch 222: Loss: 0.001, Accuracy: 100.000%
Epoch 223: Loss: 0.001, Accuracy: 100.000%
Epoch 224: Loss: 0.001, Accuracy: 100.000%
Epoch 225: Loss: 0.001, Accuracy: 100.000%
Epoch 226: Loss: 0.001, Accuracy: 100.000%
Epoch 227: Loss: 0.001, Accuracy: 100.000%
Epoch 228: Loss: 0.001, Accuracy: 100.000%
Epoch 229: Loss: 0.001, Accuracy: 100.000%
Epoch 230: Loss: 0.001, Accuracy: 100.000%
Epoch 231: Loss: 0.001, Accuracy: 100.000%
Epoch 232: Loss: 0.001, Accuracy: 100.000%
Epoch 233: Loss: 0.001, Accuracy: 100.000%
Epoch 234: Loss: 0.001, Accuracy: 100.000%
Epoch 235: Loss: 0.001, Accuracy: 100.000%
Epoch 236: Loss: 0.001, Accuracy: 100.000%
Epoch 237: Loss: 0.001, Accuracy: 100.000%
Epoch 238: Loss: 0.001, Accuracy: 100.000%
Epoch 239: Loss: 0.001, Accuracy: 100.000%
Epoch 240: Loss: 0.001, Accuracy: 100.000%
Epoch 241: Loss: 0.001, Accuracy: 100.000%
Epoch 242: Loss: 0.001, Accuracy: 100.000%
Epoch 243: Loss: 0.001, Accuracy: 100.000%
Epoch 244: Loss: 0.001, Accuracy: 100.000%
Epoch 245: Loss: 0.001, Accuracy: 100.000%
Epoch 246: Loss: 0.001, Accuracy: 100.000%
Epoch 247: Loss: 0.001, Accuracy: 100.000%
Epoch 248: Loss: 0.001, Accuracy: 100.000%
Epoch 249: Loss: 0.001, Accuracy: 100.000%
Epoch 250: Loss: 0.001, Accuracy: 100.000%
Epoch 251: Loss: 0.001, Accuracy: 100.000%
Epoch 252: Loss: 0.001, Accuracy: 100.000%
Epoch 253: Loss: 0.001, Accuracy: 100.000%
Epoch 254: Loss: 0.001, Accuracy: 100.000%
Epoch 255: Loss: 0.001, Accuracy: 100.000%
Epoch 256: Loss: 0.001, Accuracy: 100.000%
Epoch 257: Loss: 0.001, Accuracy: 100.000%
Epoch 258: Loss: 0.001, Accuracy: 100.000%
Epoch 259: Loss: 0.001, Accuracy: 100.000%
Epoch 260: Loss: 0.001, Accuracy: 100.000%
Epoch 261: Loss: 0.001, Accuracy: 100.000%
Epoch 262: Loss: 0.001, Accuracy: 100.000%
Epoch 263: Loss: 0.001, Accuracy: 100.000%
Epoch 264: Loss: 0.001, Accuracy: 100.000%
Epoch 265: Loss: 0.001, Accuracy: 100.000%
Epoch 266: Loss: 0.001, Accuracy: 100.000%
Epoch 267: Loss: 0.001, Accuracy: 100.000%
Epoch 268: Loss: 0.001, Accuracy: 100.000%
Epoch 269: Loss: 0.001, Accuracy: 100.000%
Epoch 270: Loss: 0.001, Accuracy: 100.000%
Epoch 271: Loss: 0.001, Accuracy: 100.000%
Epoch 272: Loss: 0.001, Accuracy: 100.000%
Epoch 273: Loss: 0.001, Accuracy: 100.000%
Epoch 274: Loss: 0.001, Accuracy: 100.000%
Epoch 275: Loss: 0.001, Accuracy: 100.000%
Epoch 276: Loss: 0.001, Accuracy: 100.000%
Epoch 277: Loss: 0.001, Accuracy: 100.000%
Epoch 278: Loss: 0.001, Accuracy: 100.000%
Epoch 279: Loss: 0.001, Accuracy: 100.000%
Epoch 280: Loss: 0.001, Accuracy: 100.000%
Epoch 281: Loss: 0.001, Accuracy: 100.000%
Epoch 282: Loss: 0.001, Accuracy: 100.000%
Epoch 283: Loss: 0.001, Accuracy: 100.000%
Epoch 284: Loss: 0.001, Accuracy: 100.000%
Epoch 285: Loss: 0.001, Accuracy: 100.000%
Epoch 286: Loss: 0.001, Accuracy: 100.000%
Epoch 287: Loss: 0.001, Accuracy: 100.000%
Epoch 288: Loss: 0.001, Accuracy: 100.000%
Epoch 289: Loss: 0.001, Accuracy: 100.000%
Epoch 290: Loss: 0.001, Accuracy: 100.000%
Epoch 291: Loss: 0.001, Accuracy: 100.000%
Epoch 292: Loss: 0.001, Accuracy: 100.000%
Epoch 293: Loss: 0.001, Accuracy: 100.000%
Epoch 294: Loss: 0.001, Accuracy: 100.000%
Epoch 295: Loss: 0.001, Accuracy: 100.000%
Epoch 296: Loss: 0.001, Accuracy: 100.000%
Epoch 297: Loss: 0.001, Accuracy: 100.000%
Epoch 298: Loss: 0.001, Accuracy: 100.000%
Epoch 299: Loss: 0.001, Accuracy: 100.000%
Epoch 300: Loss: 0.001, Accuracy: 100.000%
Epoch 301: Loss: 0.001, Accuracy: 100.000%
Epoch 302: Loss: 0.001, Accuracy: 100.000%
Epoch 303: Loss: 0.001, Accuracy: 100.000%
Epoch 304: Loss: 0.001, Accuracy: 100.000%
Epoch 305: Loss: 0.001, Accuracy: 100.000%
Epoch 306: Loss: 0.001, Accuracy: 100.000%
Epoch 307: Loss: 0.001, Accuracy: 100.000%
Epoch 308: Loss: 0.001, Accuracy: 100.000%
Epoch 309: Loss: 0.001, Accuracy: 100.000%
Epoch 310: Loss: 0.001, Accuracy: 100.000%
Epoch 311: Loss: 0.001, Accuracy: 100.000%
Epoch 312: Loss: 0.001, Accuracy: 100.000%
Epoch 313: Loss: 0.001, Accuracy: 100.000%
Epoch 314: Loss: 0.001, Accuracy: 100.000%
Epoch 315: Loss: 0.001, Accuracy: 100.000%
Epoch 316: Loss: 0.001, Accuracy: 100.000%
Epoch 317: Loss: 0.001, Accuracy: 100.000%
Epoch 318: Loss: 0.001, Accuracy: 100.000%
Epoch 319: Loss: 0.001, Accuracy: 100.000%
Epoch 320: Loss: 0.001, Accuracy: 100.000%
Epoch 321: Loss: 0.001, Accuracy: 100.000%
Epoch 322: Loss: 0.001, Accuracy: 100.000%
Epoch 323: Loss: 0.001, Accuracy: 100.000%
Epoch 324: Loss: 0.001, Accuracy: 100.000%
Epoch 325: Loss: 0.001, Accuracy: 100.000%
Epoch 326: Loss: 0.001, Accuracy: 100.000%
Epoch 327: Loss: 0.001, Accuracy: 100.000%
Epoch 328: Loss: 0.001, Accuracy: 100.000%
Epoch 329: Loss: 0.001, Accuracy: 100.000%
Epoch 330: Loss: 0.001, Accuracy: 100.000%
Epoch 331: Loss: 0.001, Accuracy: 100.000%
Epoch 332: Loss: 0.001, Accuracy: 100.000%
Epoch 333: Loss: 0.001, Accuracy: 100.000%
Epoch 334: Loss: 0.001, Accuracy: 100.000%
Epoch 335: Loss: 0.001, Accuracy: 100.000%
Epoch 336: Loss: 0.001, Accuracy: 100.000%
Epoch 337: Loss: 0.001, Accuracy: 100.000%
Epoch 338: Loss: 0.001, Accuracy: 100.000%
Epoch 339: Loss: 0.001, Accuracy: 100.000%
Epoch 340: Loss: 0.001, Accuracy: 100.000%
Epoch 341: Loss: 0.001, Accuracy: 100.000%
Epoch 342: Loss: 0.001, Accuracy: 100.000%
Epoch 343: Loss: 0.001, Accuracy: 100.000%
Epoch 344: Loss: 0.001, Accuracy: 100.000%
Epoch 345: Loss: 0.001, Accuracy: 100.000%
Epoch 346: Loss: 0.001, Accuracy: 100.000%
Epoch 347: Loss: 0.001, Accuracy: 100.000%
Epoch 348: Loss: 0.001, Accuracy: 100.000%
Epoch 349: Loss: 0.001, Accuracy: 100.000%
Epoch 350: Loss: 0.001, Accuracy: 100.000%
Epoch 351: Loss: 0.001, Accuracy: 100.000%
Epoch 352: Loss: 0.001, Accuracy: 100.000%
Epoch 353: Loss: 0.001, Accuracy: 100.000%
Epoch 354: Loss: 0.001, Accuracy: 100.000%
Epoch 355: Loss: 0.001, Accuracy: 100.000%
Epoch 356: Loss: 0.001, Accuracy: 100.000%
Epoch 357: Loss: 0.001, Accuracy: 100.000%
Epoch 358: Loss: 0.001, Accuracy: 100.000%
Epoch 359: Loss: 0.001, Accuracy: 100.000%
Epoch 360: Loss: 0.001, Accuracy: 100.000%
Epoch 361: Loss: 0.001, Accuracy: 100.000%
Epoch 362: Loss: 0.001, Accuracy: 100.000%
Epoch 363: Loss: 0.001, Accuracy: 100.000%
Epoch 364: Loss: 0.001, Accuracy: 100.000%
Epoch 365: Loss: 0.001, Accuracy: 100.000%
Epoch 366: Loss: 0.001, Accuracy: 100.000%
Epoch 367: Loss: 0.001, Accuracy: 100.000%
Epoch 368: Loss: 0.001, Accuracy: 100.000%
Epoch 369: Loss: 0.001, Accuracy: 100.000%
Epoch 370: Loss: 0.001, Accuracy: 100.000%
Epoch 371: Loss: 0.001, Accuracy: 100.000%
Epoch 372: Loss: 0.001, Accuracy: 100.000%
Epoch 373: Loss: 0.001, Accuracy: 100.000%
Epoch 374: Loss: 0.001, Accuracy: 100.000%
Epoch 375: Loss: 0.001, Accuracy: 100.000%
Epoch 376: Loss: 0.001, Accuracy: 100.000%
Epoch 377: Loss: 0.001, Accuracy: 100.000%
Epoch 378: Loss: 0.001, Accuracy: 100.000%
Epoch 379: Loss: 0.001, Accuracy: 100.000%
Epoch 380: Loss: 0.001, Accuracy: 100.000%
Epoch 381: Loss: 0.001, Accuracy: 100.000%
Epoch 382: Loss: 0.001, Accuracy: 100.000%
Epoch 383: Loss: 0.001, Accuracy: 100.000%
Epoch 384: Loss: 0.001, Accuracy: 100.000%
Epoch 385: Loss: 0.001, Accuracy: 100.000%
Epoch 386: Loss: 0.001, Accuracy: 100.000%
Epoch 387: Loss: 0.001, Accuracy: 100.000%
Epoch 388: Loss: 0.001, Accuracy: 100.000%
Epoch 389: Loss: 0.001, Accuracy: 100.000%
Epoch 390: Loss: 0.000, Accuracy: 100.000%
Epoch 391: Loss: 0.000, Accuracy: 100.000%
Epoch 392: Loss: 0.000, Accuracy: 100.000%
Epoch 393: Loss: 0.000, Accuracy: 100.000%
Epoch 394: Loss: 0.000, Accuracy: 100.000%
Epoch 395: Loss: 0.000, Accuracy: 100.000%
Epoch 396: Loss: 0.000, Accuracy: 100.000%
Epoch 397: Loss: 0.000, Accuracy: 100.000%
Epoch 398: Loss: 0.000, Accuracy: 100.000%
Epoch 399: Loss: 0.000, Accuracy: 100.000%
Epoch 400: Loss: 0.000, Accuracy: 100.000%
Epoch 401: Loss: 0.000, Accuracy: 100.000%
Epoch 402: Loss: 0.000, Accuracy: 100.000%
Epoch 403: Loss: 0.000, Accuracy: 100.000%
Epoch 404: Loss: 0.000, Accuracy: 100.000%
Epoch 405: Loss: 0.000, Accuracy: 100.000%
Epoch 406: Loss: 0.000, Accuracy: 100.000%
Epoch 407: Loss: 0.000, Accuracy: 100.000%
Epoch 408: Loss: 0.000, Accuracy: 100.000%
Epoch 409: Loss: 0.000, Accuracy: 100.000%
Epoch 410: Loss: 0.000, Accuracy: 100.000%
Epoch 411: Loss: 0.000, Accuracy: 100.000%
Epoch 412: Loss: 0.000, Accuracy: 100.000%
Epoch 413: Loss: 0.000, Accuracy: 100.000%
Epoch 414: Loss: 0.000, Accuracy: 100.000%
Epoch 415: Loss: 0.000, Accuracy: 100.000%
Epoch 416: Loss: 0.000, Accuracy: 100.000%
Epoch 417: Loss: 0.000, Accuracy: 100.000%
Epoch 418: Loss: 0.000, Accuracy: 100.000%
Epoch 419: Loss: 0.000, Accuracy: 100.000%
Epoch 420: Loss: 0.000, Accuracy: 100.000%
Epoch 421: Loss: 0.000, Accuracy: 100.000%
Epoch 422: Loss: 0.000, Accuracy: 100.000%
Epoch 423: Loss: 0.000, Accuracy: 100.000%
Epoch 424: Loss: 0.000, Accuracy: 100.000%
Epoch 425: Loss: 0.000, Accuracy: 100.000%
Epoch 426: Loss: 0.000, Accuracy: 100.000%
Epoch 427: Loss: 0.000, Accuracy: 100.000%
Epoch 428: Loss: 0.000, Accuracy: 100.000%
Epoch 429: Loss: 0.000, Accuracy: 100.000%
Epoch 430: Loss: 0.000, Accuracy: 100.000%
Epoch 431: Loss: 0.000, Accuracy: 100.000%
Epoch 432: Loss: 0.000, Accuracy: 100.000%
Epoch 433: Loss: 0.000, Accuracy: 100.000%
Epoch 434: Loss: 0.000, Accuracy: 100.000%
Epoch 435: Loss: 0.000, Accuracy: 100.000%
Epoch 436: Loss: 0.000, Accuracy: 100.000%
Epoch 437: Loss: 0.000, Accuracy: 100.000%
Epoch 438: Loss: 0.000, Accuracy: 100.000%
Epoch 439: Loss: 0.000, Accuracy: 100.000%
Epoch 440: Loss: 0.000, Accuracy: 100.000%
Epoch 441: Loss: 0.000, Accuracy: 100.000%
Epoch 442: Loss: 0.000, Accuracy: 100.000%
Epoch 443: Loss: 0.000, Accuracy: 100.000%
Epoch 444: Loss: 0.000, Accuracy: 100.000%
Epoch 445: Loss: 0.000, Accuracy: 100.000%
Epoch 446: Loss: 0.000, Accuracy: 100.000%
Epoch 447: Loss: 0.000, Accuracy: 100.000%
Epoch 448: Loss: 0.000, Accuracy: 100.000%
Epoch 449: Loss: 0.000, Accuracy: 100.000%
Epoch 450: Loss: 0.000, Accuracy: 100.000%
Epoch 451: Loss: 0.000, Accuracy: 100.000%
Epoch 452: Loss: 0.000, Accuracy: 100.000%
Epoch 453: Loss: 0.000, Accuracy: 100.000%
Epoch 454: Loss: 0.000, Accuracy: 100.000%
Epoch 455: Loss: 0.000, Accuracy: 100.000%
Epoch 456: Loss: 0.000, Accuracy: 100.000%
Epoch 457: Loss: 0.000, Accuracy: 100.000%
Epoch 458: Loss: 0.000, Accuracy: 100.000%
Epoch 459: Loss: 0.000, Accuracy: 100.000%
Epoch 460: Loss: 0.000, Accuracy: 100.000%
Epoch 461: Loss: 0.000, Accuracy: 100.000%
Epoch 462: Loss: 0.000, Accuracy: 100.000%
Epoch 463: Loss: 0.000, Accuracy: 100.000%
Epoch 464: Loss: 0.000, Accuracy: 100.000%
Epoch 465: Loss: 0.000, Accuracy: 100.000%
Epoch 466: Loss: 0.000, Accuracy: 100.000%
Epoch 467: Loss: 0.000, Accuracy: 100.000%
Epoch 468: Loss: 0.000, Accuracy: 100.000%
Epoch 469: Loss: 0.000, Accuracy: 100.000%
Epoch 470: Loss: 0.000, Accuracy: 100.000%
Epoch 471: Loss: 0.000, Accuracy: 100.000%
Epoch 472: Loss: 0.000, Accuracy: 100.000%
Epoch 473: Loss: 0.000, Accuracy: 100.000%
Epoch 474: Loss: 0.000, Accuracy: 100.000%
Epoch 475: Loss: 0.000, Accuracy: 100.000%
Epoch 476: Loss: 0.000, Accuracy: 100.000%
Epoch 477: Loss: 0.000, Accuracy: 100.000%
Epoch 478: Loss: 0.000, Accuracy: 100.000%
Epoch 479: Loss: 0.000, Accuracy: 100.000%
Epoch 480: Loss: 0.000, Accuracy: 100.000%
Epoch 481: Loss: 0.000, Accuracy: 100.000%
Epoch 482: Loss: 0.000, Accuracy: 100.000%
Epoch 483: Loss: 0.000, Accuracy: 100.000%
Epoch 484: Loss: 0.000, Accuracy: 100.000%
Epoch 485: Loss: 0.000, Accuracy: 100.000%
Epoch 486: Loss: 0.000, Accuracy: 100.000%
Epoch 487: Loss: 0.000, Accuracy: 100.000%
Epoch 488: Loss: 0.000, Accuracy: 100.000%
Epoch 489: Loss: 0.000, Accuracy: 100.000%
Epoch 490: Loss: 0.000, Accuracy: 100.000%
Epoch 491: Loss: 0.000, Accuracy: 100.000%
Epoch 492: Loss: 0.000, Accuracy: 100.000%
Epoch 493: Loss: 0.000, Accuracy: 100.000%
Epoch 494: Loss: 0.000, Accuracy: 100.000%
Epoch 495: Loss: 0.000, Accuracy: 100.000%
Epoch 496: Loss: 0.000, Accuracy: 100.000%
Epoch 497: Loss: 0.000, Accuracy: 100.000%
Epoch 498: Loss: 0.000, Accuracy: 100.000%
Epoch 499: Loss: 0.000, Accuracy: 100.000%
Epoch 500: Loss: 0.000, Accuracy: 100.000%
Epoch 501: Loss: 0.000, Accuracy: 100.000%
Epoch 502: Loss: 0.000, Accuracy: 100.000%
Epoch 503: Loss: 0.000, Accuracy: 100.000%
Epoch 504: Loss: 0.000, Accuracy: 100.000%
Epoch 505: Loss: 0.000, Accuracy: 100.000%
Epoch 506: Loss: 0.000, Accuracy: 100.000%
Epoch 507: Loss: 0.000, Accuracy: 100.000%
Epoch 508: Loss: 0.000, Accuracy: 100.000%
Epoch 509: Loss: 0.000, Accuracy: 100.000%
Epoch 510: Loss: 0.000, Accuracy: 100.000%
Epoch 511: Loss: 0.000, Accuracy: 100.000%
Epoch 512: Loss: 0.000, Accuracy: 100.000%
Epoch 513: Loss: 0.000, Accuracy: 100.000%
Epoch 514: Loss: 0.000, Accuracy: 100.000%
Epoch 515: Loss: 0.000, Accuracy: 100.000%
Epoch 516: Loss: 0.000, Accuracy: 100.000%
Epoch 517: Loss: 0.000, Accuracy: 100.000%
Epoch 518: Loss: 0.000, Accuracy: 100.000%
Epoch 519: Loss: 0.000, Accuracy: 100.000%
Epoch 520: Loss: 0.000, Accuracy: 100.000%
Epoch 521: Loss: 0.000, Accuracy: 100.000%
Epoch 522: Loss: 0.000, Accuracy: 100.000%
Epoch 523: Loss: 0.000, Accuracy: 100.000%
Epoch 524: Loss: 0.000, Accuracy: 100.000%
Epoch 525: Loss: 0.000, Accuracy: 100.000%
Epoch 526: Loss: 0.000, Accuracy: 100.000%
Epoch 527: Loss: 0.000, Accuracy: 100.000%
Epoch 528: Loss: 0.000, Accuracy: 100.000%
Epoch 529: Loss: 0.000, Accuracy: 100.000%
Epoch 530: Loss: 0.000, Accuracy: 100.000%
Epoch 531: Loss: 0.000, Accuracy: 100.000%
Epoch 532: Loss: 0.000, Accuracy: 100.000%
Epoch 533: Loss: 0.000, Accuracy: 100.000%
Epoch 534: Loss: 0.000, Accuracy: 100.000%
Epoch 535: Loss: 0.000, Accuracy: 100.000%
Epoch 536: Loss: 0.000, Accuracy: 100.000%
Epoch 537: Loss: 0.000, Accuracy: 100.000%
Epoch 538: Loss: 0.000, Accuracy: 100.000%
Epoch 539: Loss: 0.000, Accuracy: 100.000%
Epoch 540: Loss: 0.000, Accuracy: 100.000%
Epoch 541: Loss: 0.000, Accuracy: 100.000%
Epoch 542: Loss: 0.000, Accuracy: 100.000%
Epoch 543: Loss: 0.000, Accuracy: 100.000%
Epoch 544: Loss: 0.000, Accuracy: 100.000%
Epoch 545: Loss: 0.000, Accuracy: 100.000%
Epoch 546: Loss: 0.000, Accuracy: 100.000%
Epoch 547: Loss: 0.000, Accuracy: 100.000%
Epoch 548: Loss: 0.000, Accuracy: 100.000%
Epoch 549: Loss: 0.000, Accuracy: 100.000%
Epoch 550: Loss: 0.000, Accuracy: 100.000%
Epoch 551: Loss: 0.000, Accuracy: 100.000%
Epoch 552: Loss: 0.000, Accuracy: 100.000%
Epoch 553: Loss: 0.000, Accuracy: 100.000%
Epoch 554: Loss: 0.000, Accuracy: 100.000%
Epoch 555: Loss: 0.000, Accuracy: 100.000%
Epoch 556: Loss: 0.000, Accuracy: 100.000%
Epoch 557: Loss: 0.000, Accuracy: 100.000%
Epoch 558: Loss: 0.000, Accuracy: 100.000%
Epoch 559: Loss: 0.000, Accuracy: 100.000%
Epoch 560: Loss: 0.000, Accuracy: 100.000%
Epoch 561: Loss: 0.000, Accuracy: 100.000%
Epoch 562: Loss: 0.000, Accuracy: 100.000%
Epoch 563: Loss: 0.000, Accuracy: 100.000%
Epoch 564: Loss: 0.000, Accuracy: 100.000%
Epoch 565: Loss: 0.000, Accuracy: 100.000%
Epoch 566: Loss: 0.000, Accuracy: 100.000%
Epoch 567: Loss: 0.000, Accuracy: 100.000%
Epoch 568: Loss: 0.000, Accuracy: 100.000%
Epoch 569: Loss: 0.000, Accuracy: 100.000%
Epoch 570: Loss: 0.000, Accuracy: 100.000%
Epoch 571: Loss: 0.000, Accuracy: 100.000%
Epoch 572: Loss: 0.000, Accuracy: 100.000%
Epoch 573: Loss: 0.000, Accuracy: 100.000%
Epoch 574: Loss: 0.000, Accuracy: 100.000%
Epoch 575: Loss: 0.000, Accuracy: 100.000%
Epoch 576: Loss: 0.000, Accuracy: 100.000%
Epoch 577: Loss: 0.000, Accuracy: 100.000%
Epoch 578: Loss: 0.000, Accuracy: 100.000%
Epoch 579: Loss: 0.000, Accuracy: 100.000%
Epoch 580: Loss: 0.000, Accuracy: 100.000%
Epoch 581: Loss: 0.000, Accuracy: 100.000%
Epoch 582: Loss: 0.000, Accuracy: 100.000%
Epoch 583: Loss: 0.000, Accuracy: 100.000%
Epoch 584: Loss: 0.000, Accuracy: 100.000%
Epoch 585: Loss: 0.000, Accuracy: 100.000%
Epoch 586: Loss: 0.000, Accuracy: 100.000%
Epoch 587: Loss: 0.000, Accuracy: 100.000%
Epoch 588: Loss: 0.000, Accuracy: 100.000%
Epoch 589: Loss: 0.000, Accuracy: 100.000%
Epoch 590: Loss: 0.000, Accuracy: 100.000%
Epoch 591: Loss: 0.000, Accuracy: 100.000%
Epoch 592: Loss: 0.000, Accuracy: 100.000%
Epoch 593: Loss: 0.000, Accuracy: 100.000%
Epoch 594: Loss: 0.000, Accuracy: 100.000%
Epoch 595: Loss: 0.000, Accuracy: 100.000%
Epoch 596: Loss: 0.000, Accuracy: 100.000%
Epoch 597: Loss: 0.000, Accuracy: 100.000%
Epoch 598: Loss: 0.000, Accuracy: 100.000%
Epoch 599: Loss: 0.000, Accuracy: 100.000%
Epoch 600: Loss: 0.000, Accuracy: 100.000%
Epoch 601: Loss: 0.000, Accuracy: 100.000%
Epoch 602: Loss: 0.000, Accuracy: 100.000%
Epoch 603: Loss: 0.000, Accuracy: 100.000%
Epoch 604: Loss: 0.000, Accuracy: 100.000%
Epoch 605: Loss: 0.000, Accuracy: 100.000%
Epoch 606: Loss: 0.000, Accuracy: 100.000%
Epoch 607: Loss: 0.000, Accuracy: 100.000%
Epoch 608: Loss: 0.000, Accuracy: 100.000%
Epoch 609: Loss: 0.000, Accuracy: 100.000%
Epoch 610: Loss: 0.000, Accuracy: 100.000%
Epoch 611: Loss: 0.000, Accuracy: 100.000%
Epoch 612: Loss: 0.000, Accuracy: 100.000%
Epoch 613: Loss: 0.000, Accuracy: 100.000%
Epoch 614: Loss: 0.000, Accuracy: 100.000%
Epoch 615: Loss: 0.000, Accuracy: 100.000%
Epoch 616: Loss: 0.000, Accuracy: 100.000%
Epoch 617: Loss: 0.000, Accuracy: 100.000%
Epoch 618: Loss: 0.000, Accuracy: 100.000%
Epoch 619: Loss: 0.000, Accuracy: 100.000%
Epoch 620: Loss: 0.000, Accuracy: 100.000%
Epoch 621: Loss: 0.000, Accuracy: 100.000%
Epoch 622: Loss: 0.000, Accuracy: 100.000%
Epoch 623: Loss: 0.000, Accuracy: 100.000%
Epoch 624: Loss: 0.000, Accuracy: 100.000%
Epoch 625: Loss: 0.000, Accuracy: 100.000%
Epoch 626: Loss: 0.000, Accuracy: 100.000%
Epoch 627: Loss: 0.000, Accuracy: 100.000%
Epoch 628: Loss: 0.000, Accuracy: 100.000%
Epoch 629: Loss: 0.000, Accuracy: 100.000%
Epoch 630: Loss: 0.000, Accuracy: 100.000%
Epoch 631: Loss: 0.000, Accuracy: 100.000%
Epoch 632: Loss: 0.000, Accuracy: 100.000%
Epoch 633: Loss: 0.000, Accuracy: 100.000%
Epoch 634: Loss: 0.000, Accuracy: 100.000%
Epoch 635: Loss: 0.000, Accuracy: 100.000%
Epoch 636: Loss: 0.000, Accuracy: 100.000%
Epoch 637: Loss: 0.000, Accuracy: 100.000%
Epoch 638: Loss: 0.000, Accuracy: 100.000%
Epoch 639: Loss: 0.000, Accuracy: 100.000%
Epoch 640: Loss: 0.000, Accuracy: 100.000%
Epoch 641: Loss: 0.000, Accuracy: 100.000%
Epoch 642: Loss: 0.000, Accuracy: 100.000%
Epoch 643: Loss: 0.000, Accuracy: 100.000%
Epoch 644: Loss: 0.000, Accuracy: 100.000%
Epoch 645: Loss: 0.000, Accuracy: 100.000%
Epoch 646: Loss: 0.000, Accuracy: 100.000%
Epoch 647: Loss: 0.000, Accuracy: 100.000%
Epoch 648: Loss: 0.000, Accuracy: 100.000%
Epoch 649: Loss: 0.000, Accuracy: 100.000%
Epoch 650: Loss: 0.000, Accuracy: 100.000%
Epoch 651: Loss: 0.000, Accuracy: 100.000%
Epoch 652: Loss: 0.000, Accuracy: 100.000%
Epoch 653: Loss: 0.000, Accuracy: 100.000%
Epoch 654: Loss: 0.000, Accuracy: 100.000%
Epoch 655: Loss: 0.000, Accuracy: 100.000%
Epoch 656: Loss: 0.000, Accuracy: 100.000%
Epoch 657: Loss: 0.000, Accuracy: 100.000%
Epoch 658: Loss: 0.000, Accuracy: 100.000%
Epoch 659: Loss: 0.000, Accuracy: 100.000%
Epoch 660: Loss: 0.000, Accuracy: 100.000%
Epoch 661: Loss: 0.000, Accuracy: 100.000%
Epoch 662: Loss: 0.000, Accuracy: 100.000%
Epoch 663: Loss: 0.000, Accuracy: 100.000%
Epoch 664: Loss: 0.000, Accuracy: 100.000%
Epoch 665: Loss: 0.000, Accuracy: 100.000%
Epoch 666: Loss: 0.000, Accuracy: 100.000%
Epoch 667: Loss: 0.000, Accuracy: 100.000%
Epoch 668: Loss: 0.000, Accuracy: 100.000%
Epoch 669: Loss: 0.000, Accuracy: 100.000%
Epoch 670: Loss: 0.000, Accuracy: 100.000%
Epoch 671: Loss: 0.000, Accuracy: 100.000%
Epoch 672: Loss: 0.000, Accuracy: 100.000%
Epoch 673: Loss: 0.000, Accuracy: 100.000%
Epoch 674: Loss: 0.000, Accuracy: 100.000%
Epoch 675: Loss: 0.000, Accuracy: 100.000%
Epoch 676: Loss: 0.000, Accuracy: 100.000%
Epoch 677: Loss: 0.000, Accuracy: 100.000%
Epoch 678: Loss: 0.000, Accuracy: 100.000%
Epoch 679: Loss: 0.000, Accuracy: 100.000%
Epoch 680: Loss: 0.000, Accuracy: 100.000%
Epoch 681: Loss: 0.000, Accuracy: 100.000%
Epoch 682: Loss: 0.000, Accuracy: 100.000%
Epoch 683: Loss: 0.000, Accuracy: 100.000%
Epoch 684: Loss: 0.000, Accuracy: 100.000%
Epoch 685: Loss: 0.000, Accuracy: 100.000%
Epoch 686: Loss: 0.000, Accuracy: 100.000%
Epoch 687: Loss: 0.000, Accuracy: 100.000%
Epoch 688: Loss: 0.000, Accuracy: 100.000%
Epoch 689: Loss: 0.000, Accuracy: 100.000%
Epoch 690: Loss: 0.000, Accuracy: 100.000%
Epoch 691: Loss: 0.000, Accuracy: 100.000%
Epoch 692: Loss: 0.000, Accuracy: 100.000%
Epoch 693: Loss: 0.000, Accuracy: 100.000%
Epoch 694: Loss: 0.000, Accuracy: 100.000%
Epoch 695: Loss: 0.000, Accuracy: 100.000%
Epoch 696: Loss: 0.000, Accuracy: 100.000%
Epoch 697: Loss: 0.000, Accuracy: 100.000%
Epoch 698: Loss: 0.000, Accuracy: 100.000%
Epoch 699: Loss: 0.000, Accuracy: 100.000%
Epoch 700: Loss: 0.000, Accuracy: 100.000%
Epoch 701: Loss: 0.000, Accuracy: 100.000%
Epoch 702: Loss: 0.000, Accuracy: 100.000%
Epoch 703: Loss: 0.000, Accuracy: 100.000%
Epoch 704: Loss: 0.000, Accuracy: 100.000%
Epoch 705: Loss: 0.000, Accuracy: 100.000%
Epoch 706: Loss: 0.000, Accuracy: 100.000%
Epoch 707: Loss: 0.000, Accuracy: 100.000%
Epoch 708: Loss: 0.000, Accuracy: 100.000%
Epoch 709: Loss: 0.000, Accuracy: 100.000%
Epoch 710: Loss: 0.000, Accuracy: 100.000%
Epoch 711: Loss: 0.000, Accuracy: 100.000%
Epoch 712: Loss: 0.000, Accuracy: 100.000%
Epoch 713: Loss: 0.000, Accuracy: 100.000%
Epoch 714: Loss: 0.000, Accuracy: 100.000%
Epoch 715: Loss: 0.000, Accuracy: 100.000%
Epoch 716: Loss: 0.000, Accuracy: 100.000%
Epoch 717: Loss: 0.000, Accuracy: 100.000%
Epoch 718: Loss: 0.000, Accuracy: 100.000%
Epoch 719: Loss: 0.000, Accuracy: 100.000%
Epoch 720: Loss: 0.000, Accuracy: 100.000%
Epoch 721: Loss: 0.000, Accuracy: 100.000%
Epoch 722: Loss: 0.000, Accuracy: 100.000%
Epoch 723: Loss: 0.000, Accuracy: 100.000%
Epoch 724: Loss: 0.000, Accuracy: 100.000%
Epoch 725: Loss: 0.000, Accuracy: 100.000%
Epoch 726: Loss: 0.000, Accuracy: 100.000%
Epoch 727: Loss: 0.000, Accuracy: 100.000%
Epoch 728: Loss: 0.000, Accuracy: 100.000%
Epoch 729: Loss: 0.000, Accuracy: 100.000%
Epoch 730: Loss: 0.000, Accuracy: 100.000%
Epoch 731: Loss: 0.000, Accuracy: 100.000%
Epoch 732: Loss: 0.000, Accuracy: 100.000%
Epoch 733: Loss: 0.000, Accuracy: 100.000%
Epoch 734: Loss: 0.000, Accuracy: 100.000%
Epoch 735: Loss: 0.000, Accuracy: 100.000%
Epoch 736: Loss: 0.000, Accuracy: 100.000%
Epoch 737: Loss: 0.000, Accuracy: 100.000%
Epoch 738: Loss: 0.000, Accuracy: 100.000%
Epoch 739: Loss: 0.000, Accuracy: 100.000%
Epoch 740: Loss: 0.000, Accuracy: 100.000%
Epoch 741: Loss: 0.000, Accuracy: 100.000%
Epoch 742: Loss: 0.000, Accuracy: 100.000%
Epoch 743: Loss: 0.000, Accuracy: 100.000%
Epoch 744: Loss: 0.000, Accuracy: 100.000%
Epoch 745: Loss: 0.000, Accuracy: 100.000%
Epoch 746: Loss: 0.000, Accuracy: 100.000%
Epoch 747: Loss: 0.000, Accuracy: 100.000%
Epoch 748: Loss: 0.000, Accuracy: 100.000%
Epoch 749: Loss: 0.000, Accuracy: 100.000%
Epoch 750: Loss: 0.000, Accuracy: 100.000%
Epoch 751: Loss: 0.000, Accuracy: 100.000%
Epoch 752: Loss: 0.000, Accuracy: 100.000%
Epoch 753: Loss: 0.000, Accuracy: 100.000%
Epoch 754: Loss: 0.000, Accuracy: 100.000%
Epoch 755: Loss: 0.000, Accuracy: 100.000%
Epoch 756: Loss: 0.000, Accuracy: 100.000%
Epoch 757: Loss: 0.000, Accuracy: 100.000%
Epoch 758: Loss: 0.000, Accuracy: 100.000%
Epoch 759: Loss: 0.000, Accuracy: 100.000%
Epoch 760: Loss: 0.000, Accuracy: 100.000%
Epoch 761: Loss: 0.000, Accuracy: 100.000%
Epoch 762: Loss: 0.000, Accuracy: 100.000%
Epoch 763: Loss: 0.000, Accuracy: 100.000%
Epoch 764: Loss: 0.000, Accuracy: 100.000%
Epoch 765: Loss: 0.000, Accuracy: 100.000%
Epoch 766: Loss: 0.000, Accuracy: 100.000%
Epoch 767: Loss: 0.000, Accuracy: 100.000%
Epoch 768: Loss: 0.000, Accuracy: 100.000%
Epoch 769: Loss: 0.000, Accuracy: 100.000%
Epoch 770: Loss: 0.000, Accuracy: 100.000%
Epoch 771: Loss: 0.000, Accuracy: 100.000%
Epoch 772: Loss: 0.000, Accuracy: 100.000%
Epoch 773: Loss: 0.000, Accuracy: 100.000%
Epoch 774: Loss: 0.000, Accuracy: 100.000%
Epoch 775: Loss: 0.000, Accuracy: 100.000%
Epoch 776: Loss: 0.000, Accuracy: 100.000%
Epoch 777: Loss: 0.000, Accuracy: 100.000%
Epoch 778: Loss: 0.000, Accuracy: 100.000%
Epoch 779: Loss: 0.000, Accuracy: 100.000%
Epoch 780: Loss: 0.000, Accuracy: 100.000%
Epoch 781: Loss: 0.000, Accuracy: 100.000%
Epoch 782: Loss: 0.000, Accuracy: 100.000%
Epoch 783: Loss: 0.000, Accuracy: 100.000%
Epoch 784: Loss: 0.000, Accuracy: 100.000%
Epoch 785: Loss: 0.000, Accuracy: 100.000%
Epoch 786: Loss: 0.000, Accuracy: 100.000%
Epoch 787: Loss: 0.000, Accuracy: 100.000%
Epoch 788: Loss: 0.000, Accuracy: 100.000%
Epoch 789: Loss: 0.000, Accuracy: 100.000%
Epoch 790: Loss: 0.000, Accuracy: 100.000%
Epoch 791: Loss: 0.000, Accuracy: 100.000%
Epoch 792: Loss: 0.000, Accuracy: 100.000%
Epoch 793: Loss: 0.000, Accuracy: 100.000%
Epoch 794: Loss: 0.000, Accuracy: 100.000%
Epoch 795: Loss: 0.000, Accuracy: 100.000%
Epoch 796: Loss: 0.000, Accuracy: 100.000%
Epoch 797: Loss: 0.000, Accuracy: 100.000%
Epoch 798: Loss: 0.000, Accuracy: 100.000%
Epoch 799: Loss: 0.000, Accuracy: 100.000%
Epoch 800: Loss: 0.000, Accuracy: 100.000%
Epoch 801: Loss: 0.000, Accuracy: 100.000%
Epoch 802: Loss: 0.000, Accuracy: 100.000%
Epoch 803: Loss: 0.000, Accuracy: 100.000%
Epoch 804: Loss: 0.000, Accuracy: 100.000%
Epoch 805: Loss: 0.000, Accuracy: 100.000%
Epoch 806: Loss: 0.000, Accuracy: 100.000%
Epoch 807: Loss: 0.000, Accuracy: 100.000%
Epoch 808: Loss: 0.000, Accuracy: 100.000%
Epoch 809: Loss: 0.000, Accuracy: 100.000%
Epoch 810: Loss: 0.000, Accuracy: 100.000%
Epoch 811: Loss: 0.000, Accuracy: 100.000%
Epoch 812: Loss: 0.000, Accuracy: 100.000%
Epoch 813: Loss: 0.000, Accuracy: 100.000%
Epoch 814: Loss: 0.000, Accuracy: 100.000%
Epoch 815: Loss: 0.000, Accuracy: 100.000%
Epoch 816: Loss: 0.000, Accuracy: 100.000%
Epoch 817: Loss: 0.000, Accuracy: 100.000%
Epoch 818: Loss: 0.000, Accuracy: 100.000%
Epoch 819: Loss: 0.000, Accuracy: 100.000%
Epoch 820: Loss: 0.000, Accuracy: 100.000%
Epoch 821: Loss: 0.000, Accuracy: 100.000%
Epoch 822: Loss: 0.000, Accuracy: 100.000%
Epoch 823: Loss: 0.000, Accuracy: 100.000%
Epoch 824: Loss: 0.000, Accuracy: 100.000%
Epoch 825: Loss: 0.000, Accuracy: 100.000%
Epoch 826: Loss: 0.000, Accuracy: 100.000%
Epoch 827: Loss: 0.000, Accuracy: 100.000%
Epoch 828: Loss: 0.000, Accuracy: 100.000%
Epoch 829: Loss: 0.000, Accuracy: 100.000%
Epoch 830: Loss: 0.000, Accuracy: 100.000%
Epoch 831: Loss: 0.000, Accuracy: 100.000%
Epoch 832: Loss: 0.000, Accuracy: 100.000%
Epoch 833: Loss: 0.000, Accuracy: 100.000%
Epoch 834: Loss: 0.000, Accuracy: 100.000%
Epoch 835: Loss: 0.000, Accuracy: 100.000%
Epoch 836: Loss: 0.000, Accuracy: 100.000%
Epoch 837: Loss: 0.000, Accuracy: 100.000%
Epoch 838: Loss: 0.000, Accuracy: 100.000%
Epoch 839: Loss: 0.000, Accuracy: 100.000%
Epoch 840: Loss: 0.000, Accuracy: 100.000%
Epoch 841: Loss: 0.000, Accuracy: 100.000%
Epoch 842: Loss: 0.000, Accuracy: 100.000%
Epoch 843: Loss: 0.000, Accuracy: 100.000%
Epoch 844: Loss: 0.000, Accuracy: 100.000%
Epoch 845: Loss: 0.000, Accuracy: 100.000%
Epoch 846: Loss: 0.000, Accuracy: 100.000%
Epoch 847: Loss: 0.000, Accuracy: 100.000%
Epoch 848: Loss: 0.000, Accuracy: 100.000%
Epoch 849: Loss: 0.000, Accuracy: 100.000%
Epoch 850: Loss: 0.000, Accuracy: 100.000%
Epoch 851: Loss: 0.000, Accuracy: 100.000%
Epoch 852: Loss: 0.000, Accuracy: 100.000%
Epoch 853: Loss: 0.000, Accuracy: 100.000%
Epoch 854: Loss: 0.000, Accuracy: 100.000%
Epoch 855: Loss: 0.000, Accuracy: 100.000%
Epoch 856: Loss: 0.000, Accuracy: 100.000%
Epoch 857: Loss: 0.000, Accuracy: 100.000%
Epoch 858: Loss: 0.000, Accuracy: 100.000%
Epoch 859: Loss: 0.000, Accuracy: 100.000%
Epoch 860: Loss: 0.000, Accuracy: 100.000%
Epoch 861: Loss: 0.000, Accuracy: 100.000%
Epoch 862: Loss: 0.000, Accuracy: 100.000%
Epoch 863: Loss: 0.000, Accuracy: 100.000%
Epoch 864: Loss: 0.000, Accuracy: 100.000%
Epoch 865: Loss: 0.000, Accuracy: 100.000%
Epoch 866: Loss: 0.000, Accuracy: 100.000%
Epoch 867: Loss: 0.000, Accuracy: 100.000%
Epoch 868: Loss: 0.000, Accuracy: 100.000%
Epoch 869: Loss: 0.000, Accuracy: 100.000%
Epoch 870: Loss: 0.000, Accuracy: 100.000%
Epoch 871: Loss: 0.000, Accuracy: 100.000%
Epoch 872: Loss: 0.000, Accuracy: 100.000%
Epoch 873: Loss: 0.000, Accuracy: 100.000%
Epoch 874: Loss: 0.000, Accuracy: 100.000%
Epoch 875: Loss: 0.000, Accuracy: 100.000%
Epoch 876: Loss: 0.000, Accuracy: 100.000%
Epoch 877: Loss: 0.000, Accuracy: 100.000%
Epoch 878: Loss: 0.000, Accuracy: 100.000%
Epoch 879: Loss: 0.000, Accuracy: 100.000%
Epoch 880: Loss: 0.000, Accuracy: 100.000%
Epoch 881: Loss: 0.000, Accuracy: 100.000%
Epoch 882: Loss: 0.000, Accuracy: 100.000%
Epoch 883: Loss: 0.000, Accuracy: 100.000%
Epoch 884: Loss: 0.000, Accuracy: 100.000%
Epoch 885: Loss: 0.000, Accuracy: 100.000%
Epoch 886: Loss: 0.000, Accuracy: 100.000%
Epoch 887: Loss: 0.000, Accuracy: 100.000%
Epoch 888: Loss: 0.000, Accuracy: 100.000%
Epoch 889: Loss: 0.000, Accuracy: 100.000%
Epoch 890: Loss: 0.000, Accuracy: 100.000%
Epoch 891: Loss: 0.000, Accuracy: 100.000%
Epoch 892: Loss: 0.000, Accuracy: 100.000%
Epoch 893: Loss: 0.000, Accuracy: 100.000%
Epoch 894: Loss: 0.000, Accuracy: 100.000%
Epoch 895: Loss: 0.000, Accuracy: 100.000%
Epoch 896: Loss: 0.000, Accuracy: 100.000%
Epoch 897: Loss: 0.000, Accuracy: 100.000%
Epoch 898: Loss: 0.000, Accuracy: 100.000%
Epoch 899: Loss: 0.000, Accuracy: 100.000%
Epoch 900: Loss: 0.000, Accuracy: 100.000%
Epoch 901: Loss: 0.000, Accuracy: 100.000%
Epoch 902: Loss: 0.000, Accuracy: 100.000%
Epoch 903: Loss: 0.000, Accuracy: 100.000%
Epoch 904: Loss: 0.000, Accuracy: 100.000%
Epoch 905: Loss: 0.000, Accuracy: 100.000%
Epoch 906: Loss: 0.000, Accuracy: 100.000%
Epoch 907: Loss: 0.000, Accuracy: 100.000%
Epoch 908: Loss: 0.000, Accuracy: 100.000%
Epoch 909: Loss: 0.000, Accuracy: 100.000%
Epoch 910: Loss: 0.000, Accuracy: 100.000%
Epoch 911: Loss: 0.000, Accuracy: 100.000%
Epoch 912: Loss: 0.000, Accuracy: 100.000%
Epoch 913: Loss: 0.000, Accuracy: 100.000%
Epoch 914: Loss: 0.000, Accuracy: 100.000%
Epoch 915: Loss: 0.000, Accuracy: 100.000%
Epoch 916: Loss: 0.000, Accuracy: 100.000%
Epoch 917: Loss: 0.000, Accuracy: 100.000%
Epoch 918: Loss: 0.000, Accuracy: 100.000%
Epoch 919: Loss: 0.000, Accuracy: 100.000%
Epoch 920: Loss: 0.000, Accuracy: 100.000%
Epoch 921: Loss: 0.000, Accuracy: 100.000%
Epoch 922: Loss: 0.000, Accuracy: 100.000%
Epoch 923: Loss: 0.000, Accuracy: 100.000%
Epoch 924: Loss: 0.000, Accuracy: 100.000%
Epoch 925: Loss: 0.000, Accuracy: 100.000%
Epoch 926: Loss: 0.000, Accuracy: 100.000%
Epoch 927: Loss: 0.000, Accuracy: 100.000%
Epoch 928: Loss: 0.000, Accuracy: 100.000%
Epoch 929: Loss: 0.000, Accuracy: 100.000%
Epoch 930: Loss: 0.000, Accuracy: 100.000%
Epoch 931: Loss: 0.000, Accuracy: 100.000%
Epoch 932: Loss: 0.000, Accuracy: 100.000%
Epoch 933: Loss: 0.000, Accuracy: 100.000%
Epoch 934: Loss: 0.000, Accuracy: 100.000%
Epoch 935: Loss: 0.000, Accuracy: 100.000%
Epoch 936: Loss: 0.000, Accuracy: 100.000%
Epoch 937: Loss: 0.000, Accuracy: 100.000%
Epoch 938: Loss: 0.000, Accuracy: 100.000%
Epoch 939: Loss: 0.000, Accuracy: 100.000%
Epoch 940: Loss: 0.000, Accuracy: 100.000%
Epoch 941: Loss: 0.000, Accuracy: 100.000%
Epoch 942: Loss: 0.000, Accuracy: 100.000%
Epoch 943: Loss: 0.000, Accuracy: 100.000%
Epoch 944: Loss: 0.000, Accuracy: 100.000%
Epoch 945: Loss: 0.000, Accuracy: 100.000%
Epoch 946: Loss: 0.000, Accuracy: 100.000%
Epoch 947: Loss: 0.000, Accuracy: 100.000%
Epoch 948: Loss: 0.000, Accuracy: 100.000%
Epoch 949: Loss: 0.000, Accuracy: 100.000%
Epoch 950: Loss: 0.000, Accuracy: 100.000%
Epoch 951: Loss: 0.000, Accuracy: 100.000%
Epoch 952: Loss: 0.000, Accuracy: 100.000%
Epoch 953: Loss: 0.000, Accuracy: 100.000%
Epoch 954: Loss: 0.000, Accuracy: 100.000%
Epoch 955: Loss: 0.000, Accuracy: 100.000%
Epoch 956: Loss: 0.000, Accuracy: 100.000%
Epoch 957: Loss: 0.000, Accuracy: 100.000%
Epoch 958: Loss: 0.000, Accuracy: 100.000%
Epoch 959: Loss: 0.000, Accuracy: 100.000%
Epoch 960: Loss: 0.000, Accuracy: 100.000%
Epoch 961: Loss: 0.000, Accuracy: 100.000%
Epoch 962: Loss: 0.000, Accuracy: 100.000%
Epoch 963: Loss: 0.000, Accuracy: 100.000%
Epoch 964: Loss: 0.000, Accuracy: 100.000%
Epoch 965: Loss: 0.000, Accuracy: 100.000%
Epoch 966: Loss: 0.000, Accuracy: 100.000%
Epoch 967: Loss: 0.000, Accuracy: 100.000%
Epoch 968: Loss: 0.000, Accuracy: 100.000%
Epoch 969: Loss: 0.000, Accuracy: 100.000%
Epoch 970: Loss: 0.000, Accuracy: 100.000%
Epoch 971: Loss: 0.000, Accuracy: 100.000%
Epoch 972: Loss: 0.000, Accuracy: 100.000%
Epoch 973: Loss: 0.000, Accuracy: 100.000%
Epoch 974: Loss: 0.000, Accuracy: 100.000%
Epoch 975: Loss: 0.000, Accuracy: 100.000%
Epoch 976: Loss: 0.000, Accuracy: 100.000%
Epoch 977: Loss: 0.000, Accuracy: 100.000%
Epoch 978: Loss: 0.000, Accuracy: 100.000%
Epoch 979: Loss: 0.000, Accuracy: 100.000%
Epoch 980: Loss: 0.000, Accuracy: 100.000%
Epoch 981: Loss: 0.000, Accuracy: 100.000%
Epoch 982: Loss: 0.000, Accuracy: 100.000%
Epoch 983: Loss: 0.000, Accuracy: 100.000%
Epoch 984: Loss: 0.000, Accuracy: 100.000%
Epoch 985: Loss: 0.000, Accuracy: 100.000%
Epoch 986: Loss: 0.000, Accuracy: 100.000%
Epoch 987: Loss: 0.000, Accuracy: 100.000%
Epoch 988: Loss: 0.000, Accuracy: 100.000%
Epoch 989: Loss: 0.000, Accuracy: 100.000%
Epoch 990: Loss: 0.000, Accuracy: 100.000%
Epoch 991: Loss: 0.000, Accuracy: 100.000%
Epoch 992: Loss: 0.000, Accuracy: 100.000%
Epoch 993: Loss: 0.000, Accuracy: 100.000%
Epoch 994: Loss: 0.000, Accuracy: 100.000%
Epoch 995: Loss: 0.000, Accuracy: 100.000%
Epoch 996: Loss: 0.000, Accuracy: 100.000%
Epoch 997: Loss: 0.000, Accuracy: 100.000%
Epoch 998: Loss: 0.000, Accuracy: 100.000%
Epoch 999: Loss: 0.000, Accuracy: 100.000%
Test set accuracy: 90.365%
/nfshome/ialiev/Ilya-files/nni-patches/venv/lib/python3.7/site-packages/json_tricks/encoders.py:367: UserWarning: json-tricks: numpy scalar serialization is experimental and may work differently in future versions
  warnings.warn('json-tricks: numpy scalar serialization is experimental and may work differently in future versions')
[2021-03-28 02:49:34] INFO (nni/MainThread) Final result: 0.9036544561386108
